2025-07-10 09:38:28 [1;31mERROR[0;39m [36m[rk.boot.diagnostics.LoggingFailureAnalysisReporter 40][0;39m : [1;33m

***************************
APPLICATION FAILED TO START
***************************

Description:

Failed to configure a DataSource: 'url' attribute is not specified and no embedded datasource could be configured.

Reason: Failed to determine a suitable driver class


Action:

Consider the following:
	If you want an embedded database (H2, HSQL or Derby), please put it on the classpath.
	If you have database settings to be loaded from a particular profile you may need to activate it (no profiles are currently active).
[0;39m 
2025-07-10 14:05:13 [1;31mERROR[0;39m [36m[rk.boot.diagnostics.LoggingFailureAnalysisReporter 40][0;39m : [1;33m

***************************
APPLICATION FAILED TO START
***************************

Description:

The bean 'conversionServicePostProcessor', defined in class path resource [org/springframework/security/config/annotation/web/configuration/WebSecurityConfiguration.class], could not be registered. A bean with that name has already been defined in class path resource [org/springframework/security/config/annotation/web/reactive/WebFluxSecurityConfiguration.class] and overriding is disabled.

Action:

Consider renaming one of the beans or enabling overriding by setting spring.main.allow-bean-definition-overriding=true
[0;39m 
2025-07-10 16:22:14 [1;31mERROR[0;39m [36m[rk.boot.diagnostics.LoggingFailureAnalysisReporter 40][0;39m : [1;33m

***************************
APPLICATION FAILED TO START
***************************

Description:

No spring.config.import property has been defined

Action:

Add a spring.config.import=nacos: property to your configuration.
	If configuration is not required add spring.config.import=optional:nacos: instead.
	To disable this check, set spring.cloud.nacos.config.import-check.enabled=false.
[0;39m 
