2025-07-09 17:08:38 [1;31mERROR[0;39m [36m[ngframework.boot.web.embedded.tomcat.TomcatStarter 60][0;39m : [1;33mError starting Tomcat context. Exception: org.springframework.beans.factory.UnsatisfiedDependencyException. Message: Error creating bean with name 'token': Unsatisfied dependency expressed through field 'userDetailsService': Error creating bean with name 'userDetailService' defined in file [/Users/libra/Documents/Demo/dubbo-act/book-service/target/classes/org/example/bookservice/security/UserDetailService.class]: Unsatisfied dependency expressed through constructor parameter 0: No qualifying bean of type 'org.example.bookservice.provider.UserProvider' available: expected at least 1 bean which qualifies as autowire candidate. Dependency annotations: {}[0;39m 
2025-07-09 17:08:38 [1;31mERROR[0;39m [36m[rk.boot.diagnostics.LoggingFailureAnalysisReporter 40][0;39m : [1;33m

***************************
APPLICATION FAILED TO START
***************************

Description:

Parameter 0 of constructor in org.example.bookservice.security.UserDetailService required a bean of type 'org.example.bookservice.provider.UserProvider' that could not be found.

The injection point has the following annotations:
	- @org.springframework.beans.factory.annotation.Autowired(required=true)


Action:

Consider defining a bean of type 'org.example.bookservice.provider.UserProvider' in your configuration.
[0;39m 
2025-07-09 17:12:37 [1;31mERROR[0;39m [36m[ngframework.boot.web.embedded.tomcat.TomcatStarter 60][0;39m : [1;33mError starting Tomcat context. Exception: org.springframework.beans.factory.UnsatisfiedDependencyException. Message: Error creating bean with name 'token': Unsatisfied dependency expressed through field 'userDetailsService': Error creating bean with name 'userDetailService' defined in file [/Users/libra/Documents/Demo/dubbo-act/book-service/target/classes/org/example/bookservice/security/UserDetailService.class]: Unsatisfied dependency expressed through constructor parameter 0: No qualifying bean of type 'org.example.bookservice.provider.AuthProvider' available: expected at least 1 bean which qualifies as autowire candidate. Dependency annotations: {}[0;39m 
2025-07-09 17:12:37 [1;31mERROR[0;39m [36m[rk.boot.diagnostics.LoggingFailureAnalysisReporter 40][0;39m : [1;33m

***************************
APPLICATION FAILED TO START
***************************

Description:

Parameter 0 of constructor in org.example.bookservice.security.UserDetailService required a bean of type 'org.example.bookservice.provider.AuthProvider' that could not be found.

The injection point has the following annotations:
	- @org.springframework.beans.factory.annotation.Autowired(required=true)


Action:

Consider defining a bean of type 'org.example.bookservice.provider.AuthProvider' in your configuration.
[0;39m 
2025-07-09 17:17:34 [1;31mERROR[0;39m [36m[ngframework.boot.web.embedded.tomcat.TomcatStarter 60][0;39m : [1;33mError starting Tomcat context. Exception: org.springframework.beans.factory.UnsatisfiedDependencyException. Message: Error creating bean with name 'token': Unsatisfied dependency expressed through field 'userDetailsService': Error creating bean with name 'userDetailService' defined in file [/Users/libra/Documents/Demo/dubbo-act/book-service/target/classes/org/example/bookservice/security/UserDetailService.class]: Unsatisfied dependency expressed through constructor parameter 0: No qualifying bean of type 'org.example.bookservice.provider.AuthProvider' available: expected at least 1 bean which qualifies as autowire candidate. Dependency annotations: {}[0;39m 
2025-07-09 17:17:34 [1;31mERROR[0;39m [36m[rk.boot.diagnostics.LoggingFailureAnalysisReporter 40][0;39m : [1;33m

***************************
APPLICATION FAILED TO START
***************************

Description:

Parameter 0 of constructor in org.example.bookservice.security.UserDetailService required a bean of type 'org.example.bookservice.provider.AuthProvider' that could not be found.

The injection point has the following annotations:
	- @org.springframework.beans.factory.annotation.Autowired(required=true)


Action:

Consider defining a bean of type 'org.example.bookservice.provider.AuthProvider' in your configuration.
[0;39m 
2025-07-09 17:22:35 [1;31mERROR[0;39m [36m[ngframework.boot.web.embedded.tomcat.TomcatStarter 60][0;39m : [1;33mError starting Tomcat context. Exception: org.springframework.beans.factory.UnsatisfiedDependencyException. Message: Error creating bean with name 'securityConfig' defined in file [/Users/libra/Documents/Demo/dubbo-act/book-service/target/classes/org/example/bookservice/security/SecurityConfig.class]: Unsatisfied dependency expressed through constructor parameter 1: No qualifying bean of type 'org.example.commonservice.context.AuthEntry' available: expected at least 1 bean which qualifies as autowire candidate. Dependency annotations: {}[0;39m 
2025-07-09 17:22:35 [1;31mERROR[0;39m [36m[rk.boot.diagnostics.LoggingFailureAnalysisReporter 40][0;39m : [1;33m

***************************
APPLICATION FAILED TO START
***************************

Description:

Parameter 1 of constructor in org.example.bookservice.security.SecurityConfig required a bean of type 'org.example.commonservice.context.AuthEntry' that could not be found.


Action:

Consider defining a bean of type 'org.example.commonservice.context.AuthEntry' in your configuration.
[0;39m 
